2024-01-04 21:38:21.337130: I tensorflow/core/platform/cpu_feature_guard.cc:193] This TensorFlow binary is optimized with oneAPI Deep Neural Network Library (oneDNN) to use the following CPU instructions in performance-critical operations:  SSE3 SSE4.1 SSE4.2 AVX AVX2 AVX512F FMA
To enable them in other operations, rebuild TensorFlow with the appropriate compiler flags.
2024-01-04 21:38:21.621672: I tensorflow/core/tpu/tpu_initializer_helper.cc:262] Libtpu path is: libtpu.so
running update commands...
From https://github.com/dercodeKoenig/dqn_trading_gcloudvm
   c239f77..524cd0a  main       -> origin/main
Updating c239f77..524cd0a
Fast-forward
 t1/loss.txt  | 641 +--------------------------------------
 t1/nohup.out | 977 ++++++++++++++++++++---------------------------------------
 t1/qv.txt    | 641 +--------------------------------------
 3 files changed, 331 insertions(+), 1928 deletions(-)
The following paths are ignored by one of your .gitignore files:
t2/__pycache__
t2/data
Use -f if you really want to add them.
[main 5ccbf8a] .
 1 file changed, 12 insertions(+), 719 deletions(-)
 rewrite t2/nohup.out (99%)
To https://github.com/dercodeKoenig/dqn_trading_gcloudvm.git
   524cd0a..5ccbf8a  main -> main
Warning: Your Kaggle API key is readable by other users on this system! To fix this, you can run 'chmod 600 /home/marvineckhardt04092003/.kaggle/kaggle.json'
Starting upload for file nohup.out
  0%|          | 0.00/1.20k [00:00<?, ?B/s]1.43kB [00:00, 10.2kB/s]                   
Upload unsuccessful: nohup.out
Skipping folder: __pycache__; use '--dir-mode' to upload folders
Starting upload for file manager.py
Upload successful: manager.py (36KB)
Starting upload for file dqn_training_tpu.py
Upload successful: dqn_training_tpu.py (11KB)
Skipping folder: data; use '--dir-mode' to upload folders
Starting upload for file push_files_worker.py
  0%|          | 0.00/638 [00:00<?, ?B/s]100%|██████████| 638/638 [00:00<00:00, 862B/s]
Upload successful: push_files_worker.py (638B)
Starting upload for file utils.py
Upload successful: utils.py (14KB)
Starting upload for file make_model.py
  0%|          | 0.00/6.04k [00:00<?, ?B/s]100%|██████████| 6.04k/6.04k [00:00<00:00, 9.07kB/s]
Upload successful: make_model.py (6KB)
Dataset version is being created. Please check progress at https://www.kaggle.com/bpwqsdd/dqn-cloud-files-t2
sleep for 18489 seconds
2024-01-04 21:40:54.350845: I tensorflow/core/platform/cpu_feature_guard.cc:193] This TensorFlow binary is optimized with oneAPI Deep Neural Network Library (oneDNN) to use the following CPU instructions in performance-critical operations:  SSE3 SSE4.1 SSE4.2 AVX AVX2 AVX512F FMA
To enable them in other operations, rebuild TensorFlow with the appropriate compiler flags.
2024-01-04 21:40:54.524231: I tensorflow/core/tpu/tpu_initializer_helper.cc:262] Libtpu path is: libtpu.so
0 - path: data/US500_1_inverted.o
0 - cm: 0.4
loading data/US500_1_inverted.o
1 - path: data/US30_1.o
1 - cm: 2.5
loading data/US30_1.o
2 - path: data/US30_1_inverted.o
2 - cm: 2.5
loading data/US30_1_inverted.o
3 - path: data/US500_1_inverted.o
3 - cm: 0.4
loading data/US500_1_inverted.o
4 - path: data/USTEC_1.o
4 - cm: 2.5
loading data/USTEC_1.o
5 - path: data/US30_1_inverted.o
5 - cm: 2.5
loading data/US30_1_inverted.o
6 - path: data/USTEC_1.o
6 - cm: 2.5
loading data/USTEC_1.o
7 - path: data/US30_1.o
7 - cm: 2.5
loading data/US30_1.o
8 - path: data/USTEC_1.o
8 - cm: 2.5
loading data/USTEC_1.o
9 - path: data/US500_1.o
9 - cm: 0.4
loading data/US500_1.o
10 - path: data/US500_1.o
10 - cm: 0.4
loading data/US500_1.o
11 - path: data/US500_1_inverted.o
11 - cm: 0.4
loading data/US500_1_inverted.o
12 - path: data/US500_1_inverted.o
12 - cm: 0.4
loading data/US500_1_inverted.o
13 - path: data/US30_1_inverted.o
13 - cm: 2.5
loading data/US30_1_inverted.o
14 - path: data/US30_1.o
14 - cm: 2.5
loading data/US30_1.o
15 - path: data/US30_1.o
15 - cm: 2.5
loading data/US30_1.o
16 - path: data/USTEC_1.o
16 - cm: 2.5
loading data/USTEC_1.o
17 - path: data/US30_1_inverted.o
17 - cm: 2.5
loading data/US30_1_inverted.o
18 - path: data/USTEC_1_inverted.o
18 - cm: 2.5
loading data/USTEC_1_inverted.o
19 - path: data/US500_1_inverted.o
19 - cm: 0.4
loading data/US500_1_inverted.o
20 - path: data/US500_1.o
20 - cm: 0.4
loading data/US500_1.o
21 - path: data/US30_1.o
21 - cm: 2.5
loading data/US30_1.o
22 - path: data/US30_1_inverted.o
22 - cm: 2.5
loading data/US30_1_inverted.o
23 - path: data/US500_1_inverted.o
23 - cm: 0.4
loading data/US500_1_inverted.o
data_get_func online
0 - path: data/US500_1.o
0 - cm: 0.4
loading data/US500_1.o
1 - path: data/USTEC_1_inverted.o
1 - cm: 2.5
loading data/USTEC_1_inverted.o
2 - path: data/USTEC_1.o
2 - cm: 2.5
loading data/USTEC_1.o
3 - path: data/US500_1.o
3 - cm: 0.4
loading data/US500_1.o
4 - path: data/USTEC_1.o
4 - cm: 2.5
loading data/USTEC_1.o
5 - path: data/USTEC_1.o
5 - cm: 2.5
loading data/USTEC_1.o
6 - path: data/US30_1_inverted.o
6 - cm: 2.5
loading data/US30_1_inverted.o
7 - path: data/USTEC_1_inverted.o
7 - cm: 2.5
loading data/USTEC_1_inverted.o
8 - path: data/US500_1.o
8 - cm: 0.4
loading data/US500_1.o
9 - path: data/US30_1_inverted.o
9 - cm: 2.5
loading data/US30_1_inverted.o
10 - path: data/US30_1.o
10 - cm: 2.5
loading data/US30_1.o
11 - path: data/US30_1.o
11 - cm: 2.5
loading data/US30_1.o
12 - path: data/USTEC_1.o
12 - cm: 2.5
loading data/USTEC_1.o
13 - path: data/US500_1.o
13 - cm: 0.4
loading data/US500_1.o
14 - path: data/US30_1_inverted.o
14 - cm: 2.5
loading data/US30_1_inverted.o
15 - path: data/USTEC_1_inverted.o
15 - cm: 2.5
loading data/USTEC_1_inverted.o
16 - path: data/US500_1_inverted.o
16 - cm: 0.4
loading data/US500_1_inverted.o
17 - path: data/USTEC_1.o
17 - cm: 2.5
loading data/USTEC_1.o
18 - path: data/USTEC_1.o
18 - cm: 2.5
loading data/USTEC_1.o
19 - path: data/US500_1.o
19 - cm: 0.4
loading data/US500_1.o
20 - path: data/USTEC_1_inverted.o
20 - cm: 2.5
loading data/USTEC_1_inverted.o
21 - path: data/USTEC_1.o
21 - cm: 2.5
loading data/USTEC_1.o
22 - path: data/USTEC_1_inverted.o
22 - cm: 2.5
loading data/USTEC_1_inverted.o
23 - path: data/US30_1.o
23 - cm: 2.5
loading data/US30_1.o
data_get_func online
0 - path: data/US500_1.o
0 - cm: 0.4
loading data/US500_1.o
1 - path: data/USTEC_1_inverted.o
1 - cm: 2.5
loading data/USTEC_1_inverted.o
2 - path: data/USTEC_1.o
2 - cm: 2.5
loading data/USTEC_1.o
3 - path: data/US500_1_inverted.o
3 - cm: 0.4
loading data/US500_1_inverted.o
4 - path: data/USTEC_1.o
4 - cm: 2.5
loading data/USTEC_1.o
5 - path: data/US30_1_inverted.o
5 - cm: 2.5
loading data/US30_1_inverted.o
6 - path: data/US30_1.o
6 - cm: 2.5
loading data/US30_1.o
7 - path: data/US500_1_inverted.o
7 - cm: 0.4
loading data/US500_1_inverted.o
8 - path: data/US30_1_inverted.o
8 - cm: 2.5
loading data/US30_1_inverted.o
9 - path: data/USTEC_1_inverted.o
9 - cm: 2.5
loading data/USTEC_1_inverted.o
10 - path: data/US500_1_inverted.o
10 - cm: 0.4
loading data/US500_1_inverted.o
11 - path: data/US500_1_inverted.o
11 - cm: 0.4
loading data/US500_1_inverted.o
12 - path: data/US30_1.o
12 - cm: 2.5
loading data/US30_1.o
13 - path: data/USTEC_1.o
13 - cm: 2.5
loading data/USTEC_1.o
14 - path: data/US30_1.o
14 - cm: 2.5
loading data/US30_1.o
15 - path: data/US500_1_inverted.o
15 - cm: 0.4
loading data/US500_1_inverted.o
16 - path: data/US500_1_inverted.o
16 - cm: 0.4
loading data/US500_1_inverted.o
17 - path: data/US500_1_inverted.o
17 - cm: 0.4
loading data/US500_1_inverted.o
18 - path: data/US30_1.o
18 - cm: 2.5
loading data/US30_1.o
19 - path: data/US500_1_inverted.o
19 - cm: 0.4
loading data/US500_1_inverted.o
20 - path: data/US500_1.o
20 - cm: 0.4
loading data/US500_1.o
21 - path: data/US500_1.o
21 - cm: 0.4
loading data/US500_1.o
22 - path: data/USTEC_1_inverted.o
22 - cm: 2.5
loading data/USTEC_1_inverted.o
23 - path: data/US30_1_inverted.o
23 - cm: 2.5
loading data/US30_1_inverted.o
data_get_func online
0 - path: data/US500_1.o
0 - cm: 0.4
loading data/US500_1.o
1 - path: data/US30_1_inverted.o
1 - cm: 2.5
loading data/US30_1_inverted.o
2 - path: data/US500_1_inverted.o
2 - cm: 0.4
loading data/US500_1_inverted.o
3 - path: data/US500_1_inverted.o
3 - cm: 0.4
loading data/US500_1_inverted.o
4 - path: data/USTEC_1.o
4 - cm: 2.5
loading data/USTEC_1.o
5 - path: data/USTEC_1_inverted.o
5 - cm: 2.5
loading data/USTEC_1_inverted.o
6 - path: data/US30_1.o
6 - cm: 2.5
loading data/US30_1.o
7 - path: data/USTEC_1_inverted.o
7 - cm: 2.5
loading data/USTEC_1_inverted.o
8 - path: data/USTEC_1_inverted.o
8 - cm: 2.5
loading data/USTEC_1_inverted.o
9 - path: data/US30_1.o
9 - cm: 2.5
loading data/US30_1.o
10 - path: data/US500_1_inverted.o
10 - cm: 0.4
loading data/US500_1_inverted.o
11 - path: data/USTEC_1.o
11 - cm: 2.5
loading data/USTEC_1.o
12 - path: data/US30_1.o
12 - cm: 2.5
loading data/US30_1.o
13 - path: data/US30_1.o
13 - cm: 2.5
loading data/US30_1.o
14 - path: data/US30_1_inverted.o
14 - cm: 2.5
loading data/US30_1_inverted.o
15 - path: data/US30_1.o
15 - cm: 2.5
loading data/US30_1.o
16 - path: data/US30_1_inverted.o
16 - cm: 2.5
loading data/US30_1_inverted.o
17 - path: data/USTEC_1_inverted.o
17 - cm: 2.5
loading data/USTEC_1_inverted.o
18 - path: data/US500_1.o
18 - cm: 0.4
loading data/US500_1.o
19 - path: data/USTEC_1_inverted.o
19 - cm: 2.5
loading data/USTEC_1_inverted.o
20 - path: data/US30_1.o
20 - cm: 2.5
loading data/US30_1.o
21 - path: data/US30_1.o
21 - cm: 2.5
loading data/US30_1.o
22 - path: data/USTEC_1.o
22 - cm: 2.5
loading data/USTEC_1.o
23 - path: data/US500_1_inverted.o
23 - cm: 0.4
loading data/US500_1_inverted.o
data_get_func online
2024-01-04 21:41:02.462846: I tensorflow/stream_executor/tpu/tpu_platform_interface.cc:77] No TPU platform registered. Waiting 1 second and trying again... (4 tries left)
2024-01-04 21:41:03.463295: I tensorflow/stream_executor/tpu/tpu_platform_interface.cc:77] No TPU platform registered. Waiting 1 second and trying again... (3 tries left)
2024-01-04 21:41:04.463561: I tensorflow/stream_executor/tpu/tpu_platform_interface.cc:77] No TPU platform registered. Waiting 1 second and trying again... (2 tries left)
2024-01-04 21:41:05.463848: I tensorflow/stream_executor/tpu/tpu_platform_interface.cc:77] No TPU platform registered. Waiting 1 second and trying again... (1 tries left)
2024-01-04 21:41:06.464151: I tensorflow/stream_executor/tpu/tpu_platform_interface.cc:74] No TPU platform found.
2024-01-04 21:41:06.466033: I tensorflow/core/platform/cpu_feature_guard.cc:193] This TensorFlow binary is optimized with oneAPI Deep Neural Network Library (oneDNN) to use the following CPU instructions in performance-critical operations:  SSE3 SSE4.1 SSE4.2 AVX AVX2 AVX512F FMA
To enable them in other operations, rebuild TensorFlow with the appropriate compiler flags.
Traceback (most recent call last):
  File "/usr/local/lib/python3.8/dist-packages/tensorflow/python/tpu/tpu_strategy_util.py", line 110, in initialize_tpu_system
    output = _tpu_init_fn()
  File "/usr/local/lib/python3.8/dist-packages/tensorflow/python/eager/function.py", line 2496, in __call__
    return graph_function._call_flat(
  File "/usr/local/lib/python3.8/dist-packages/tensorflow/python/eager/function.py", line 1862, in _call_flat
    return self._build_call_outputs(self._inference_function.call(
  File "/usr/local/lib/python3.8/dist-packages/tensorflow/python/eager/function.py", line 499, in call
    outputs = execute.execute(
  File "/usr/local/lib/python3.8/dist-packages/tensorflow/python/eager/execute.py", line 54, in quick_execute
    tensors = pywrap_tfe.TFE_Py_Execute(ctx._handle, device_name, op_name,
tensorflow.python.framework.errors_impl.InvalidArgumentError: No matching devices found for '/device:TPU_SYSTEM:0' [Op:__inference__tpu_init_fn_4]

During handling of the above exception, another exception occurred:

Traceback (most recent call last):
  File "dqn_training_tpu.py", line 312, in <module>
    main()
  File "dqn_training_tpu.py", line 228, in main
    tf.tpu.experimental.initialize_tpu_system(cluster_resolver)
  File "/usr/local/lib/python3.8/dist-packages/tensorflow/python/tpu/tpu_strategy_util.py", line 113, in initialize_tpu_system
    raise errors.NotFoundError(
tensorflow.python.framework.errors_impl.NotFoundError: TPUs not found in the cluster. Failed in initialization: No matching devices found for '/device:TPU_SYSTEM:0' [Op:__inference__tpu_init_fn_4]
https://symbolize.stripped_domain/r/?trace=7f492c56e704,7f492c38308f&map= 
*** SIGTERM received by PID 6925 (TID 6925) on cpu 20 from PID 1; stack trace: ***
PC: @     0x7f492c56e704  (unknown)  base::internal::SpinLockDelay()
    @     0x7f4873449f34        976  (unknown)
    @     0x7f492c383090  (unknown)  (unknown)
https://symbolize.stripped_domain/r/?trace=7f492c56e704,7f4873449f33,7f492c38308f&map= 
E0104 21:41:20.067803    6925 coredump_hook.cc:324] RAW: Remote crash gathering disabled for SIGTERM.
2024-01-04 21:43:01.020749: I tensorflow/core/platform/cpu_feature_guard.cc:193] This TensorFlow binary is optimized with oneAPI Deep Neural Network Library (oneDNN) to use the following CPU instructions in performance-critical operations:  SSE3 SSE4.1 SSE4.2 AVX AVX2 AVX512F FMA
To enable them in other operations, rebuild TensorFlow with the appropriate compiler flags.
running update commands...
Already up to date.
